<?xml version="1.0" encoding="UTF-8"?>
<!-- Generated by org.testng.reporters.JUnitReportReporter -->
<testsuite skipped="0" hostname="LAPTOP-P13FIIGN" name="scripts.Testcase1" tests="1" failures="0" timestamp="2022-10-21T12:43:03 IST" time="16.419" errors="0">
  <testcase name="Tc1" time="16.419" classname="scripts.Testcase1"/>
  <system-out/>
</testsuite> <!-- scripts.Testcase1 -->
