<?xml version="1.0" encoding="UTF-8"?>
<!-- Generated by org.testng.reporters.JUnitReportReporter -->
<testsuite skipped="0" hostname="LAPTOP-P13FIIGN" name="scripts.Testcase3" tests="1" failures="0" timestamp="2022-10-21T11:24:58 IST" time="39.367" errors="0">
  <testcase name="Tc3" time="39.367" classname="scripts.Testcase3"/>
  <system-out/>
</testsuite> <!-- scripts.Testcase3 -->
