<?xml version="1.0" encoding="UTF-8"?>
<!-- Generated by org.testng.reporters.JUnitReportReporter -->
<testsuite skipped="0" hostname="LAPTOP-P13FIIGN" name="scripts.Testcase1" tests="1" failures="0" timestamp="2022-10-20T11:47:59 IST" time="107.496" errors="0">
  <testcase name="Tc1" time="107.496" classname="scripts.Testcase1"/>
  <system-out/>
</testsuite> <!-- scripts.Testcase1 -->
