<?xml version="1.0" encoding="UTF-8"?>
<!-- Generated by org.testng.reporters.JUnitReportReporter -->
<testsuite skipped="0" hostname="LAPTOP-P13FIIGN" name="scripts.Testcase2" tests="1" failures="0" timestamp="2022-10-20T14:18:10 IST" time="78.376" errors="0">
  <testcase name="Tc2" time="78.376" classname="scripts.Testcase2"/>
  <system-out/>
</testsuite> <!-- scripts.Testcase2 -->
